<?xml version="1.0" encoding="UTF-8"?>
<testsuite xmlns:xsi="http://www.w3.org/2001/XMLSchema-instance" xsi:noNamespaceSchemaLocation="https://maven.apache.org/surefire/maven-surefire-plugin/xsd/surefire-test-report-3.0.xsd" version="3.0" name="de.dagere.peass.ExampleTest" time="1.281" tests="1" errors="0" skipped="0" failures="0">
  <properties>
[...]
</properties>
  <testcase name="test" classname="de.dagere.peass.ExampleTest" time="1.263">
    <system-out><![CDATA[13:04:10.432 [main] DEBUG kieker.monitoring.core.configuration.ConfigurationFactory:59 - Searching for JVM argument 'kieker.monitoring.configuration' ...
13:04:10.435 [main] INFO  kieker.monitoring.core.configuration.ConfigurationFactory:67 - Loading configuration from JVM-specified location: '/home/moritz/Schreibtisch/peass-demo/pure-demo/demo-project/src/main/resources/META-INF/kieker.monitoring.properties'
13:04:10.440 [main] INFO  kieker.monitoring.core.controller.TCPController:79 - Could not parse port for the TCPController, deactivating this option. Received string was: 
13:04:10.469 [main] DEBUG kieker.monitoring.core.controller.WriterController:258 - Initializing Writer Controller
13:04:10.469 [main] INFO  kieker.monitoring.core.controller.StateController:128 - Enabling monitoring
13:04:10.469 [Thread-1] DEBUG kieker.monitoring.writer.MonitoringWriterThread:58 - kieker.monitoring.writer.MonitoringWriterThread is running.
13:04:10.477 [main] INFO  kieker.monitoring.core.controller.MonitoringController:172 - Current State of kieker.monitoring (1.15) Status: 'enabled'
	Name: 'KIEKER-KoPeMe'; Hostname: 'moritz-ThinkPad-T480s'; experimentID: '1'
JMXController: JMX disabled
TimeSource: 'kieker.monitoring.timer.SystemNanoTimer'
	Time in nanoseconds (with nanoseconds precision) since Thu Jan 01 01:00:00 CET 1970'
ProbeController: disabled
WriterController:
	Queue type: class java.util.concurrent.LinkedBlockingQueue
	Queue capacity: 10000000
	Insert behavior (a.k.a. QueueFullBehavior): class kieker.monitoring.queue.behavior.BlockOnFailedInsertBehavior
		numBlocked: 0
Writer: 'de.dagere.kopeme.kieker.writer.ChangeableFolderWriter'
	Configuration:
		de.dagere.kopeme.kieker.writer.ChangeableFolderWriter.realwriter='FileWriter'
		de.dagere.kopeme.kieker.writer.ChangeableFolderWriter.flush='false'

	Automatic assignment of logging timestamps: 'true'
Sampling Controller: Periodic Sensor available: Poolsize: '0'; Scheduled Tasks: '0'
13:04:10.481 [main] DEBUG de.dagere.kopeme.junit.rule.TestRunnables:41 - Klasse: class de.dagere.peass.ExampleTest
13:04:10.485 [main] DEBUG de.dagere.kopeme.parsing.BuildtoolProjectNameReader:52 - Directory: /home/moritz/Schreibtisch/peass-demo/pure-demo/demo-project/.
13:04:10.504 [main] INFO  kieker.monitoring.core.controller.StateController:128 - Enabling monitoring
13:04:10.504 [main] DEBUG de.dagere.kopeme.kieker.KoPeMeKiekerSupport:50 - Kieker-Monitoring successfully enabled
No GC Collector
13:04:10.509 [main] DEBUG de.dagere.kopeme.TimeBoundExecution:100 - Waiting: 300000
13:04:10.524 [timebound-0] DEBUG de.dagere.kopeme.junit.rule.KoPeMeBasicStatement:125 - Executing 6 execution 
13:04:10.524 [timebound-0] DEBUG de.dagere.kopeme.junit.rule.KoPeMeBasicStatement:128 - --- Starting execution  1/6 ---
13:04:10.642 [timebound-0] DEBUG de.dagere.kopeme.junit.rule.KoPeMeBasicStatement:137 - --- Stopping execution  1/6 ---
13:04:10.642 [timebound-0] DEBUG de.dagere.kopeme.junit.rule.KoPeMeBasicStatement:128 - --- Starting execution  2/6 ---
13:04:10.746 [timebound-0] DEBUG de.dagere.kopeme.junit.rule.KoPeMeBasicStatement:137 - --- Stopping execution  2/6 ---
13:04:10.746 [timebound-0] DEBUG de.dagere.kopeme.junit.rule.KoPeMeBasicStatement:128 - --- Starting execution  3/6 ---
13:04:10.851 [timebound-0] DEBUG de.dagere.kopeme.junit.rule.KoPeMeBasicStatement:137 - --- Stopping execution  3/6 ---
13:04:10.851 [timebound-0] DEBUG de.dagere.kopeme.junit.rule.KoPeMeBasicStatement:128 - --- Starting execution  4/6 ---
13:04:10.956 [timebound-0] DEBUG de.dagere.kopeme.junit.rule.KoPeMeBasicStatement:137 - --- Stopping execution  4/6 ---
13:04:10.957 [timebound-0] DEBUG de.dagere.kopeme.junit.rule.KoPeMeBasicStatement:128 - --- Starting execution  5/6 ---
13:04:11.061 [timebound-0] DEBUG de.dagere.kopeme.junit.rule.KoPeMeBasicStatement:137 - --- Stopping execution  5/6 ---
13:04:11.062 [timebound-0] DEBUG de.dagere.kopeme.junit.rule.KoPeMeBasicStatement:128 - --- Starting execution  6/6 ---
13:04:11.165 [timebound-0] DEBUG de.dagere.kopeme.junit.rule.KoPeMeBasicStatement:137 - --- Stopping execution  6/6 ---
13:04:11.183 [timebound-0] DEBUG de.dagere.kopeme.junit.rule.KoPeMeBasicStatement:152 - Executions: 6
13:04:11.216 [timebound-0] DEBUG de.dagere.kopeme.datacollection.tempfile.WrittenResultReader:48 - Count of executions: 6  Values: 6
13:04:11.218 [timebound-0] INFO  de.dagere.kopeme.datastorage.XMLDataStorer:152 - Storing data to: /home/moritz/Schreibtisch/peass-demo/pure-demo/demo-project_peass/measurementsTemp/de.dagere/demo-project/de.dagere.peass.ExampleTest/test.xml
13:04:11.366 [timebound-0] INFO  de.dagere.kopeme.datastorage.XMLDataStorer:152 - Storing data to: /home/moritz/Schreibtisch/peass-demo/pure-demo/demo-project_peass/measurementsTemp/de.dagere/demo-project/de.dagere.peass.ExampleTest/test.xml
13:04:11.369 [main] DEBUG de.dagere.kopeme.TimeBoundExecution:107 - KoPeMe-Test METHOD. Kieker: true Threads: 0
13:04:11.369 [main] DEBUG de.dagere.kopeme.kieker.KoPeMeKiekerSupport:80 - Disabling Monitoring..
13:04:11.369 [main] INFO  de.dagere.kopeme.kieker.KoPeMeKiekerSupport:103 - Waiting for Kieker writer queue to finish
13:04:11.369 [main] DEBUG de.dagere.kopeme.kieker.KoPeMeKiekerSupport:113 - Final queue size: 0
13:04:11.369 [main] INFO  kieker.monitoring.core.controller.StateController:143 - Disabling monitoring
13:04:11.371 [main] DEBUG kieker.monitoring.core.controller.WriterController:267 - Shutting down Writer Controller
13:04:11.371 [main] DEBUG de.dagere.kopeme.kieker.KoPeMeKiekerSupport:141 - Waiting for Thread-End: Thread[Thread-1,5,main]
13:04:11.371 [Thread-1] DEBUG kieker.monitoring.writer.MonitoringWriterThread:75 - kieker.monitoring.writer.MonitoringWriterThread has finished.
13:04:11.371 [main] DEBUG de.dagere.kopeme.kieker.KoPeMeKiekerSupport:144 - Waiting for Thread-End: Thread[Thread-1,5,], Thread alive: false
13:04:11.372 [main] DEBUG de.dagere.kopeme.kieker.KoPeMeKiekerSupport:146 - Writing finished, Thread alive: false
13:04:11.372 [main] DEBUG kieker.monitoring.core.configuration.ConfigurationFactory:59 - Searching for JVM argument 'kieker.monitoring.configuration' ...
13:04:11.373 [main] INFO  kieker.monitoring.core.configuration.ConfigurationFactory:67 - Loading configuration from JVM-specified location: '/home/moritz/Schreibtisch/peass-demo/pure-demo/demo-project/src/main/resources/META-INF/kieker.monitoring.properties'
13:04:11.375 [main] DEBUG kieker.monitoring.core.controller.WriterController:258 - Initializing Writer Controller
13:04:11.375 [main] INFO  de.dagere.kopeme.junit.rule.KoPeMeStandardRuleStatement:69 - Test de.dagere.peass.ExampleTest beendet
13:04:11.375 [Thread-3] DEBUG kieker.monitoring.writer.MonitoringWriterThread:58 - kieker.monitoring.writer.MonitoringWriterThread is running.
]]></system-out>
    <system-err><![CDATA[Jan. 20, 2022 1:04:10 NACHM. de.dagere.kopeme.kieker.writer.ChangeableFolderWriter <init>
INFORMATION: Init..
Jan. 20, 2022 1:04:10 NACHM. de.dagere.kopeme.kieker.writer.ChangeableFolderWriter <init>
INFORMATION: Writer: class kieker.monitoring.writer.filesystem.FileWriter
Jan. 20, 2022 1:04:10 NACHM. de.dagere.kopeme.kieker.writer.ChangeableFolderWriter onStarting
INFORMATION: Initializing class de.dagere.kopeme.kieker.writer.ChangeableFolderWriter
Jan. 20, 2022 1:04:10 NACHM. de.dagere.kopeme.kieker.writer.ChangeableFolderWriter setFolder
INFORMATION: Terminating old writer
Jan. 20, 2022 1:04:10 NACHM. de.dagere.kopeme.kieker.writer.ChangeableFolderWriter setFolder
INFORMATION: writer: class kieker.monitoring.writer.filesystem.FileWriter
Jan. 20, 2022 1:04:10 NACHM. de.dagere.kopeme.kieker.writer.ChangeableFolderWriter setFolder
INFORMATION: Writing to: /home/moritz/Schreibtisch/peass-demo/pure-demo/demo-project_peass/measurementsTemp/de.dagere/demo-project/de.dagere.peass.ExampleTest/1642680250484/test 1936550492
Jan. 20, 2022 1:04:10 NACHM. de.dagere.kopeme.kieker.writer.ChangeableFolderWriter setFolder
INFORMATION: New writer 594651850 created; old writer 1936550492
Jan. 20, 2022 1:04:10 NACHM. de.dagere.kopeme.kieker.writer.ChangeableFolderWriter addRecordsToNewWriter
INFORMATION: Adding registry record: KiekerMetadataRecord: version = 1.15, controllerName = KIEKER-KoPeMe, hostname = moritz-ThinkPad-T480s, experimentId = 1, debugMode = false, timeOffset = 0, timeUnit = NANOSECONDS, numberOfRecords = 0, 
Jan. 20, 2022 1:04:10 NACHM. de.dagere.kopeme.kieker.writer.ChangeableFolderWriter setFolder
INFORMATION: Change writing to: 594651850
Jan. 20, 2022 1:04:11 NACHM. de.dagere.kopeme.datacollection.tempfile.ResultTempWriter finalizeCollection
INFORMATION: Flushing to /home/moritz/Schreibtisch/peass-demo/pure-demo/demo-project_peass/temp/kopeme-2214023340354103270.tmp finished
Jan. 20, 2022 1:04:11 NACHM. de.dagere.kopeme.kieker.writer.ChangeableFolderWriter onTerminating
INFORMATION: Terminating writing
Jan. 20, 2022 1:04:11 NACHM. de.dagere.kopeme.kieker.writer.ChangeableFolderWriter <init>
INFORMATION: Init..
Jan. 20, 2022 1:04:11 NACHM. de.dagere.kopeme.kieker.writer.ChangeableFolderWriter <init>
INFORMATION: Writer: class kieker.monitoring.writer.filesystem.FileWriter
Jan. 20, 2022 1:04:11 NACHM. de.dagere.kopeme.kieker.writer.ChangeableFolderWriter onStarting
INFORMATION: Initializing class de.dagere.kopeme.kieker.writer.ChangeableFolderWriter
]]></system-err>
  </testcase>
</testsuite>